c:\users\grant\desktop\cse 335\project2\canadianexperience\debug\treedemo.bsc
c:\users\grant\desktop\cse 335\project2\canadianexperience\treedemo\debug\treedemo.pch
c:\users\grant\desktop\cse 335\project2\canadianexperience\treedemo\debug\vc142.pdb
c:\users\grant\desktop\cse 335\project2\canadianexperience\treedemo\debug\vc142.idb
c:\users\grant\desktop\cse 335\project2\canadianexperience\treedemo\debug\pch.sbr
c:\users\grant\desktop\cse 335\project2\canadianexperience\treedemo\debug\pch.obj
c:\users\grant\desktop\cse 335\project2\canadianexperience\treedemo\debug\treedemo.sbr
c:\users\grant\desktop\cse 335\project2\canadianexperience\treedemo\debug\treedemodlg.sbr
c:\users\grant\desktop\cse 335\project2\canadianexperience\treedemo\debug\treedemoview.sbr
c:\users\grant\desktop\cse 335\project2\canadianexperience\treedemo\debug\treedemoview.obj
c:\users\grant\desktop\cse 335\project2\canadianexperience\treedemo\debug\treedemodlg.obj
c:\users\grant\desktop\cse 335\project2\canadianexperience\treedemo\debug\treedemo.obj
c:\users\grant\desktop\cse 335\project2\canadianexperience\debug\treedemo.ilk
c:\users\grant\desktop\cse 335\project2\canadianexperience\debug\treedemo.exe
c:\users\grant\desktop\cse 335\project2\canadianexperience\debug\treedemo.pdb
c:\users\grant\desktop\cse 335\project2\canadianexperience\treedemo\debug\treedemo.res
c:\users\grant\desktop\cse 335\project2\canadianexperience\treedemo\debug\treedemo.tlog\bscmake.command.1.tlog
c:\users\grant\desktop\cse 335\project2\canadianexperience\treedemo\debug\treedemo.tlog\bscmake.read.1.tlog
c:\users\grant\desktop\cse 335\project2\canadianexperience\treedemo\debug\treedemo.tlog\bscmake.write.1.tlog
c:\users\grant\desktop\cse 335\project2\canadianexperience\treedemo\debug\treedemo.tlog\cl.command.1.tlog
c:\users\grant\desktop\cse 335\project2\canadianexperience\treedemo\debug\treedemo.tlog\cl.read.1.tlog
c:\users\grant\desktop\cse 335\project2\canadianexperience\treedemo\debug\treedemo.tlog\cl.write.1.tlog
c:\users\grant\desktop\cse 335\project2\canadianexperience\treedemo\debug\treedemo.tlog\link.command.1.tlog
c:\users\grant\desktop\cse 335\project2\canadianexperience\treedemo\debug\treedemo.tlog\link.read.1.tlog
c:\users\grant\desktop\cse 335\project2\canadianexperience\treedemo\debug\treedemo.tlog\link.write.1.tlog
c:\users\grant\desktop\cse 335\project2\canadianexperience\treedemo\debug\treedemo.tlog\rc.command.1.tlog
c:\users\grant\desktop\cse 335\project2\canadianexperience\treedemo\debug\treedemo.tlog\rc.read.1.tlog
c:\users\grant\desktop\cse 335\project2\canadianexperience\treedemo\debug\treedemo.tlog\rc.write.1.tlog
