c:\users\grant\desktop\cse 335\project2\canadianexperience\debug\treelib.bsc
c:\users\grant\desktop\cse 335\project2\canadianexperience\treelib\debug\treelib.pch
c:\users\grant\desktop\cse 335\project2\canadianexperience\treelib\debug\vc142.pdb
c:\users\grant\desktop\cse 335\project2\canadianexperience\treelib\debug\vc142.idb
c:\users\grant\desktop\cse 335\project2\canadianexperience\treelib\debug\pch.sbr
c:\users\grant\desktop\cse 335\project2\canadianexperience\treelib\debug\pch.obj
c:\users\grant\desktop\cse 335\project2\canadianexperience\treelib\debug\basket.sbr
c:\users\grant\desktop\cse 335\project2\canadianexperience\treelib\debug\basketactual.sbr
c:\users\grant\desktop\cse 335\project2\canadianexperience\treelib\debug\basketstandin.sbr
c:\users\grant\desktop\cse 335\project2\canadianexperience\treelib\debug\fruitactual.sbr
c:\users\grant\desktop\cse 335\project2\canadianexperience\treelib\debug\fruitvisitor.sbr
c:\users\grant\desktop\cse 335\project2\canadianexperience\treelib\debug\growable.sbr
c:\users\grant\desktop\cse 335\project2\canadianexperience\treelib\debug\growablevisitor.sbr
c:\users\grant\desktop\cse 335\project2\canadianexperience\treelib\debug\imagegrowable.sbr
c:\users\grant\desktop\cse 335\project2\canadianexperience\treelib\debug\leaf.sbr
c:\users\grant\desktop\cse 335\project2\canadianexperience\treelib\debug\limb.sbr
c:\users\grant\desktop\cse 335\project2\canadianexperience\treelib\debug\tree.sbr
c:\users\grant\desktop\cse 335\project2\canadianexperience\treelib\debug\treeactual.sbr
c:\users\grant\desktop\cse 335\project2\canadianexperience\treelib\debug\treefactory.sbr
c:\users\grant\desktop\cse 335\project2\canadianexperience\treelib\debug\treelib.sbr
c:\users\grant\desktop\cse 335\project2\canadianexperience\treelib\debug\treeseeddlg.sbr
c:\users\grant\desktop\cse 335\project2\canadianexperience\treelib\debug\treestandin.sbr
c:\users\grant\desktop\cse 335\project2\canadianexperience\treelib\debug\treestandin.obj
c:\users\grant\desktop\cse 335\project2\canadianexperience\treelib\debug\treeseeddlg.obj
c:\users\grant\desktop\cse 335\project2\canadianexperience\treelib\debug\treelib.obj
c:\users\grant\desktop\cse 335\project2\canadianexperience\treelib\debug\treefactory.obj
c:\users\grant\desktop\cse 335\project2\canadianexperience\treelib\debug\treeactual.obj
c:\users\grant\desktop\cse 335\project2\canadianexperience\treelib\debug\tree.obj
c:\users\grant\desktop\cse 335\project2\canadianexperience\treelib\debug\limb.obj
c:\users\grant\desktop\cse 335\project2\canadianexperience\treelib\debug\leaf.obj
c:\users\grant\desktop\cse 335\project2\canadianexperience\treelib\debug\imagegrowable.obj
c:\users\grant\desktop\cse 335\project2\canadianexperience\treelib\debug\growablevisitor.obj
c:\users\grant\desktop\cse 335\project2\canadianexperience\treelib\debug\growable.obj
c:\users\grant\desktop\cse 335\project2\canadianexperience\treelib\debug\fruitvisitor.obj
c:\users\grant\desktop\cse 335\project2\canadianexperience\treelib\debug\fruitactual.obj
c:\users\grant\desktop\cse 335\project2\canadianexperience\treelib\debug\basketstandin.obj
c:\users\grant\desktop\cse 335\project2\canadianexperience\treelib\debug\basketactual.obj
c:\users\grant\desktop\cse 335\project2\canadianexperience\treelib\debug\basket.obj
c:\users\grant\desktop\cse 335\project2\canadianexperience\debug\treelib.dll
c:\users\grant\desktop\cse 335\project2\canadianexperience\debug\treelib.ilk
c:\users\grant\desktop\cse 335\project2\canadianexperience\debug\treelib.pdb
c:\users\grant\desktop\cse 335\project2\canadianexperience\treelib\debug\treelib.res
c:\users\grant\desktop\cse 335\project2\canadianexperience\debug\treelib.lib
c:\users\grant\desktop\cse 335\project2\canadianexperience\debug\treelib.exp
c:\users\grant\desktop\cse 335\project2\canadianexperience\treelib\debug\treelib.tlog\bscmake.command.1.tlog
c:\users\grant\desktop\cse 335\project2\canadianexperience\treelib\debug\treelib.tlog\bscmake.read.1.tlog
c:\users\grant\desktop\cse 335\project2\canadianexperience\treelib\debug\treelib.tlog\bscmake.write.1.tlog
c:\users\grant\desktop\cse 335\project2\canadianexperience\treelib\debug\treelib.tlog\cl.command.1.tlog
c:\users\grant\desktop\cse 335\project2\canadianexperience\treelib\debug\treelib.tlog\cl.read.1.tlog
c:\users\grant\desktop\cse 335\project2\canadianexperience\treelib\debug\treelib.tlog\cl.write.1.tlog
c:\users\grant\desktop\cse 335\project2\canadianexperience\treelib\debug\treelib.tlog\link.command.1.tlog
c:\users\grant\desktop\cse 335\project2\canadianexperience\treelib\debug\treelib.tlog\link.read.1.tlog
c:\users\grant\desktop\cse 335\project2\canadianexperience\treelib\debug\treelib.tlog\link.write.1.tlog
c:\users\grant\desktop\cse 335\project2\canadianexperience\treelib\debug\treelib.tlog\rc.command.1.tlog
c:\users\grant\desktop\cse 335\project2\canadianexperience\treelib\debug\treelib.tlog\rc.read.1.tlog
c:\users\grant\desktop\cse 335\project2\canadianexperience\treelib\debug\treelib.tlog\rc.write.1.tlog
c:\users\grant\desktop\cse 335\project2\canadianexperience\treelib\debug\treelib.tlog\treelib.write.1u.tlog
